# JRE version: OpenJDK Runtime Environment Temurin-11.0.14.1+1 (11.0.14.1+1) (build 11.0.14.1+1)
# Java VM: OpenJDK 64-Bit Server VM Temurin-11.0.14.1+1 (11.0.14.1+1, mixed mode, tiered, compressed oops, g1 gc, windows-amd64)
Heap:
 garbage-first heap   total 258048K, used 19677K [0x0000000705200000, 0x0000000800000000)
  region size 1024K, 16 young (16384K), 5 survivors (5120K)
 Metaspace       used 24606K, capacity 24988K, committed 25136K, reserved 1071104K
  class space    used 2503K, capacity 2614K, committed 2688K, reserved 1048576K
GC Heap History (6 events):
Event: 0.795 GC heap before
{Heap before GC invocations=0 (full 0):
 garbage-first heap   total 258048K, used 24576K [0x0000000705200000, 0x0000000800000000)
  region size 1024K, 24 young (24576K), 0 survivors (0K)
 Metaspace       used 15633K, capacity 15915K, committed 16000K, reserved 1062912K
  class space    used 1471K, capacity 1624K, committed 1664K, reserved 1048576K
}
Event: 0.807 GC heap after
{Heap after GC invocations=1 (full 0):
 garbage-first heap   total 258048K, used 4177K [0x0000000705200000, 0x0000000800000000)
  region size 1024K, 3 young (3072K), 3 survivors (3072K)
 Metaspace       used 15633K, capacity 15915K, committed 16000K, reserved 1062912K
  class space    used 1471K, capacity 1624K, committed 1664K, reserved 1048576K
}
Event: 1.458 GC heap before
{Heap before GC invocations=1 (full 0):
 garbage-first heap   total 258048K, used 17489K [0x0000000705200000, 0x0000000800000000)
  region size 1024K, 17 young (17408K), 3 survivors (3072K)
 Metaspace       used 20893K, capacity 21218K, committed 21296K, reserved 1069056K
  class space    used 2027K, capacity 2170K, committed 2176K, reserved 1048576K
}
Event: 1.461 GC heap after
{Heap after GC invocations=2 (full 0):
 garbage-first heap   total 258048K, used 6289K [0x0000000705200000, 0x0000000800000000)
  region size 1024K, 6 young (6144K), 6 survivors (6144K)
 Metaspace       used 20893K, capacity 21218K, committed 21296K, reserved 1069056K
  class space    used 2027K, capacity 2170K, committed 2176K, reserved 1048576K
}
Event: 1.846 GC heap before
{Heap before GC invocations=3 (full 0):
 garbage-first heap   total 258048K, used 34961K [0x0000000705200000, 0x0000000800000000)
  region size 1024K, 34 young (34816K), 6 survivors (6144K)
 Metaspace       used 24506K, capacity 24912K, committed 25136K, reserved 1071104K
  class space    used 2501K, capacity 2612K, committed 2688K, reserved 1048576K
}
Event: 1.858 GC heap after
{Heap after GC invocations=4 (full 0):
 garbage-first heap   total 258048K, used 9437K [0x0000000705200000, 0x0000000800000000)
  region size 1024K, 5 young (5120K), 5 survivors (5120K)
 Metaspace       used 24506K, capacity 24912K, committed 25136K, reserved 1071104K
  class space    used 2501K, capacity 2612K, committed 2688K, reserved 1048576K
}

